# JRE version: OpenJDK Runtime Environment (8.0_91-b14) (build 1.8.0_91-8u91-b14-0ubuntu4~16.04.1-b14)
# Java VM: OpenJDK 64-Bit Server VM (25.91-b14 mixed mode linux-amd64 compressed oops)
Heap:
 PSYoungGen      total 36864K, used 12248K [0x00000000d6f00000, 0x00000000db700000, 0x0000000100000000)
  eden space 31744K, 38% used [0x00000000d6f00000,0x00000000d7af6358,0x00000000d8e00000)
  from space 5120K, 0% used [0x00000000d8e00000,0x00000000d8e00000,0x00000000d9300000)
  to   space 5120K, 0% used [0x00000000db200000,0x00000000db200000,0x00000000db700000)
 ParOldGen       total 56832K, used 7829K [0x0000000084c00000, 0x0000000088380000, 0x00000000d6f00000)
  object space 56832K, 13% used [0x0000000084c00000,0x00000000853a5518,0x0000000088380000)
 Metaspace       used 23550K, capacity 23712K, committed 24064K, reserved 1069056K
  class space    used 3430K, capacity 3512K, committed 3584K, reserved 1048576K
GC Heap History (8 events):
Event: 0.645 GC heap before
{Heap before GC invocations=1 (full 0):
 PSYoungGen      total 36864K, used 31744K [0x00000000d6f00000, 0x00000000d9800000, 0x0000000100000000)
  eden space 31744K, 100% used [0x00000000d6f00000,0x00000000d8e00000,0x00000000d8e00000)
  from space 5120K, 0% used [0x00000000d9300000,0x00000000d9300000,0x00000000d9800000)
  to   space 5120K, 0% used [0x00000000d8e00000,0x00000000d8e00000,0x00000000d9300000)
 ParOldGen       total 84992K, used 0K [0x0000000084c00000, 0x0000000089f00000, 0x00000000d6f00000)
  object space 84992K, 0% used [0x0000000084c00000,0x0000000084c00000,0x0000000089f00000)
 Metaspace       used 8995K, capacity 9248K, committed 9600K, reserved 1056768K
  class space    used 1274K, capacity 1296K, committed 1408K, reserved 1048576K
Event: 0.650 GC heap after
Heap after GC invocations=1 (full 0):
 PSYoungGen      total 36864K, used 5105K [0x00000000d6f00000, 0x00000000d9800000, 0x0000000100000000)
  eden space 31744K, 0% used [0x00000000d6f00000,0x00000000d6f00000,0x00000000d8e00000)
  from space 5120K, 99% used [0x00000000d8e00000,0x00000000d92fc6f8,0x00000000d9300000)
  to   space 5120K, 0% used [0x00000000d9300000,0x00000000d9300000,0x00000000d9800000)
 ParOldGen       total 84992K, used 1021K [0x0000000084c00000, 0x0000000089f00000, 0x00000000d6f00000)
  object space 84992K, 1% used [0x0000000084c00000,0x0000000084cff640,0x0000000089f00000)
 Metaspace       used 8995K, capacity 9248K, committed 9600K, reserved 1056768K
  class space    used 1274K, capacity 1296K, committed 1408K, reserved 1048576K
}
Event: 1.058 GC heap before
{Heap before GC invocations=2 (full 0):
 PSYoungGen      total 36864K, used 36849K [0x00000000d6f00000, 0x00000000d9800000, 0x0000000100000000)
  eden space 31744K, 100% used [0x00000000d6f00000,0x00000000d8e00000,0x00000000d8e00000)
  from space 5120K, 99% used [0x00000000d8e00000,0x00000000d92fc6f8,0x00000000d9300000)
  to   space 5120K, 0% used [0x00000000d9300000,0x00000000d9300000,0x00000000d9800000)
 ParOldGen       total 84992K, used 1021K [0x0000000084c00000, 0x0000000089f00000, 0x00000000d6f00000)
  object space 84992K, 1% used [0x0000000084c00000,0x0000000084cff640,0x0000000089f00000)
 Metaspace       used 14189K, capacity 14224K, committed 14464K, reserved 1060864K
  class space    used 2083K, capacity 2096K, committed 2176K, reserved 1048576K
Event: 1.067 GC heap after
Heap after GC invocations=2 (full 0):
 PSYoungGen      total 36864K, used 5103K [0x00000000d6f00000, 0x00000000db700000, 0x0000000100000000)
  eden space 31744K, 0% used [0x00000000d6f00000,0x00000000d6f00000,0x00000000d8e00000)
  from space 5120K, 99% used [0x00000000d9300000,0x00000000d97fbe68,0x00000000d9800000)
  to   space 5120K, 0% used [0x00000000d8e00000,0x00000000d8e00000,0x00000000d9300000)
 ParOldGen       total 84992K, used 3151K [0x0000000084c00000, 0x0000000089f00000, 0x00000000d6f00000)
  object space 84992K, 3% used [0x0000000084c00000,0x0000000084f13f68,0x0000000089f00000)
 Metaspace       used 14189K, capacity 14224K, committed 14464K, reserved 1060864K
  class space    used 2083K, capacity 2096K, committed 2176K, reserved 1048576K
}
Event: 6.376 GC heap before
{Heap before GC invocations=3 (full 0):
 PSYoungGen      total 36864K, used 33179K [0x00000000d6f00000, 0x00000000db700000, 0x0000000100000000)
  eden space 31744K, 88% used [0x00000000d6f00000,0x00000000d8a6b028,0x00000000d8e00000)
  from space 5120K, 99% used [0x00000000d9300000,0x00000000d97fbe68,0x00000000d9800000)
  to   space 5120K, 0% used [0x00000000d8e00000,0x00000000d8e00000,0x00000000d9300000)
 ParOldGen       total 84992K, used 3151K [0x0000000084c00000, 0x0000000089f00000, 0x00000000d6f00000)
  object space 84992K, 3% used [0x0000000084c00000,0x0000000084f13f68,0x0000000089f00000)
 Metaspace       used 21005K, capacity 21184K, committed 21296K, reserved 1067008K
  class space    used 3064K, capacity 3160K, committed 3200K, reserved 1048576K
Event: 6.387 GC heap after
Heap after GC invocations=3 (full 0):
 PSYoungGen      total 36864K, used 5090K [0x00000000d6f00000, 0x00000000db700000, 0x0000000100000000)
  eden space 31744K, 0% used [0x00000000d6f00000,0x00000000d6f00000,0x00000000d8e00000)
  from space 5120K, 99% used [0x00000000d8e00000,0x00000000d92f8a78,0x00000000d9300000)
  to   space 5120K, 0% used [0x00000000db200000,0x00000000db200000,0x00000000db700000)
 ParOldGen       total 84992K, used 6184K [0x0000000084c00000, 0x0000000089f00000, 0x00000000d6f00000)
  object space 84992K, 7% used [0x0000000084c00000,0x000000008520a018,0x0000000089f00000)
 Metaspace       used 21005K, capacity 21184K, committed 21296K, reserved 1067008K
  class space    used 3064K, capacity 3160K, committed 3200K, reserved 1048576K
}
Event: 6.387 GC heap before
{Heap before GC invocations=4 (full 1):
 PSYoungGen      total 36864K, used 5090K [0x00000000d6f00000, 0x00000000db700000, 0x0000000100000000)
  eden space 31744K, 0% used [0x00000000d6f00000,0x00000000d6f00000,0x00000000d8e00000)
  from space 5120K, 99% used [0x00000000d8e00000,0x00000000d92f8a78,0x00000000d9300000)
  to   space 5120K, 0% used [0x00000000db200000,0x00000000db200000,0x00000000db700000)
 ParOldGen       total 84992K, used 6184K [0x0000000084c00000, 0x0000000089f00000, 0x00000000d6f00000)
  object space 84992K, 7% used [0x0000000084c00000,0x000000008520a018,0x0000000089f00000)
 Metaspace       used 21005K, capacity 21184K, committed 21296K, reserved 1067008K
  class space    used 3064K, capacity 3160K, committed 3200K, reserved 1048576K
Event: 6.434 GC heap after
Heap after GC invocations=4 (full 1):
 PSYoungGen      total 36864K, used 0K [0x00000000d6f00000, 0x00000000db700000, 0x0000000100000000)
  eden space 31744K, 0% used [0x00000000d6f00000,0x00000000d6f00000,0x00000000d8e00000)
  from space 5120K, 0% used [0x00000000d8e00000,0x00000000d8e00000,0x00000000d9300000)
  to   space 5120K, 0% used [0x00000000db200000,0x00000000db200000,0x00000000db700000)
 ParOldGen       total 56832K, used 7829K [0x0000000084c00000, 0x0000000088380000, 0x00000000d6f00000)
  object space 56832K, 13% used [0x0000000084c00000,0x00000000853a5518,0x0000000088380000)
 Metaspace       used 21005K, capacity 21184K, committed 21296K, reserved 1067008K
  class space    used 3064K, capacity 3160K, committed 3200K, reserved 1048576K
}

