# JRE version: OpenJDK Runtime Environment (8.0_91-b14) (build 1.8.0_91-8u91-b14-0ubuntu4~16.04.1-b14)
# Java VM: OpenJDK 64-Bit Server VM (25.91-b14 mixed mode linux-amd64 compressed oops)
Heap:
 PSYoungGen      total 36864K, used 15467K [0x00000000d6f00000, 0x00000000db700000, 0x0000000100000000)
  eden space 31744K, 48% used [0x00000000d6f00000,0x00000000d7e1af68,0x00000000d8e00000)
  from space 5120K, 0% used [0x00000000d8e00000,0x00000000d8e00000,0x00000000d9300000)
  to   space 5120K, 0% used [0x00000000db200000,0x00000000db200000,0x00000000db700000)
 ParOldGen       total 60928K, used 7609K [0x0000000084c00000, 0x0000000088780000, 0x00000000d6f00000)
  object space 60928K, 12% used [0x0000000084c00000,0x000000008536e590,0x0000000088780000)
 Metaspace       used 23853K, capacity 24000K, committed 24368K, reserved 1071104K
  class space    used 3460K, capacity 3544K, committed 3632K, reserved 1048576K
GC Heap History (8 events):
Event: 0.615 GC heap before
{Heap before GC invocations=1 (full 0):
 PSYoungGen      total 36864K, used 31744K [0x00000000d6f00000, 0x00000000d9800000, 0x0000000100000000)
  eden space 31744K, 100% used [0x00000000d6f00000,0x00000000d8e00000,0x00000000d8e00000)
  from space 5120K, 0% used [0x00000000d9300000,0x00000000d9300000,0x00000000d9800000)
  to   space 5120K, 0% used [0x00000000d8e00000,0x00000000d8e00000,0x00000000d9300000)
 ParOldGen       total 84992K, used 0K [0x0000000084c00000, 0x0000000089f00000, 0x00000000d6f00000)
  object space 84992K, 0% used [0x0000000084c00000,0x0000000084c00000,0x0000000089f00000)
 Metaspace       used 8992K, capacity 9248K, committed 9600K, reserved 1056768K
  class space    used 1274K, capacity 1296K, committed 1408K, reserved 1048576K
Event: 0.621 GC heap after
Heap after GC invocations=1 (full 0):
 PSYoungGen      total 36864K, used 5096K [0x00000000d6f00000, 0x00000000d9800000, 0x0000000100000000)
  eden space 31744K, 0% used [0x00000000d6f00000,0x00000000d6f00000,0x00000000d8e00000)
  from space 5120K, 99% used [0x00000000d8e00000,0x00000000d92fa088,0x00000000d9300000)
  to   space 5120K, 0% used [0x00000000d9300000,0x00000000d9300000,0x00000000d9800000)
 ParOldGen       total 84992K, used 1021K [0x0000000084c00000, 0x0000000089f00000, 0x00000000d6f00000)
  object space 84992K, 1% used [0x0000000084c00000,0x0000000084cff640,0x0000000089f00000)
 Metaspace       used 8992K, capacity 9248K, committed 9600K, reserved 1056768K
  class space    used 1274K, capacity 1296K, committed 1408K, reserved 1048576K
}
Event: 0.972 GC heap before
{Heap before GC invocations=2 (full 0):
 PSYoungGen      total 36864K, used 36840K [0x00000000d6f00000, 0x00000000d9800000, 0x0000000100000000)
  eden space 31744K, 100% used [0x00000000d6f00000,0x00000000d8e00000,0x00000000d8e00000)
  from space 5120K, 99% used [0x00000000d8e00000,0x00000000d92fa088,0x00000000d9300000)
  to   space 5120K, 0% used [0x00000000d9300000,0x00000000d9300000,0x00000000d9800000)
 ParOldGen       total 84992K, used 1021K [0x0000000084c00000, 0x0000000089f00000, 0x00000000d6f00000)
  object space 84992K, 1% used [0x0000000084c00000,0x0000000084cff640,0x0000000089f00000)
 Metaspace       used 14217K, capacity 14288K, committed 14464K, reserved 1060864K
  class space    used 2087K, capacity 2096K, committed 2176K, reserved 1048576K
Event: 0.979 GC heap after
Heap after GC invocations=2 (full 0):
 PSYoungGen      total 36864K, used 5102K [0x00000000d6f00000, 0x00000000db700000, 0x0000000100000000)
  eden space 31744K, 0% used [0x00000000d6f00000,0x00000000d6f00000,0x00000000d8e00000)
  from space 5120K, 99% used [0x00000000d9300000,0x00000000d97fba70,0x00000000d9800000)
  to   space 5120K, 0% used [0x00000000d8e00000,0x00000000d8e00000,0x00000000d9300000)
 ParOldGen       total 84992K, used 3234K [0x0000000084c00000, 0x0000000089f00000, 0x00000000d6f00000)
  object space 84992K, 3% used [0x0000000084c00000,0x0000000084f28890,0x0000000089f00000)
 Metaspace       used 14217K, capacity 14288K, committed 14464K, reserved 1060864K
  class space    used 2087K, capacity 2096K, committed 2176K, reserved 1048576K
}
Event: 1.465 GC heap before
{Heap before GC invocations=3 (full 0):
 PSYoungGen      total 36864K, used 31968K [0x00000000d6f00000, 0x00000000db700000, 0x0000000100000000)
  eden space 31744K, 84% used [0x00000000d6f00000,0x00000000d893c7b0,0x00000000d8e00000)
  from space 5120K, 99% used [0x00000000d9300000,0x00000000d97fba70,0x00000000d9800000)
  to   space 5120K, 0% used [0x00000000d8e00000,0x00000000d8e00000,0x00000000d9300000)
 ParOldGen       total 84992K, used 3234K [0x0000000084c00000, 0x0000000089f00000, 0x00000000d6f00000)
  object space 84992K, 3% used [0x0000000084c00000,0x0000000084f28890,0x0000000089f00000)
 Metaspace       used 21010K, capacity 21184K, committed 21296K, reserved 1067008K
  class space    used 3012K, capacity 3096K, committed 3120K, reserved 1048576K
Event: 1.471 GC heap after
Heap after GC invocations=3 (full 0):
 PSYoungGen      total 36864K, used 5113K [0x00000000d6f00000, 0x00000000db700000, 0x0000000100000000)
  eden space 31744K, 0% used [0x00000000d6f00000,0x00000000d6f00000,0x00000000d8e00000)
  from space 5120K, 99% used [0x00000000d8e00000,0x00000000d92fe5a0,0x00000000d9300000)
  to   space 5120K, 0% used [0x00000000db200000,0x00000000db200000,0x00000000db700000)
 ParOldGen       total 84992K, used 6001K [0x0000000084c00000, 0x0000000089f00000, 0x00000000d6f00000)
  object space 84992K, 7% used [0x0000000084c00000,0x00000000851dc790,0x0000000089f00000)
 Metaspace       used 21010K, capacity 21184K, committed 21296K, reserved 1067008K
  class space    used 3012K, capacity 3096K, committed 3120K, reserved 1048576K
}
Event: 1.471 GC heap before
{Heap before GC invocations=4 (full 1):
 PSYoungGen      total 36864K, used 5113K [0x00000000d6f00000, 0x00000000db700000, 0x0000000100000000)
  eden space 31744K, 0% used [0x00000000d6f00000,0x00000000d6f00000,0x00000000d8e00000)
  from space 5120K, 99% used [0x00000000d8e00000,0x00000000d92fe5a0,0x00000000d9300000)
  to   space 5120K, 0% used [0x00000000db200000,0x00000000db200000,0x00000000db700000)
 ParOldGen       total 84992K, used 6001K [0x0000000084c00000, 0x0000000089f00000, 0x00000000d6f00000)
  object space 84992K, 7% used [0x0000000084c00000,0x00000000851dc790,0x0000000089f00000)
 Metaspace       used 21010K, capacity 21184K, committed 21296K, reserved 1067008K
  class space    used 3012K, capacity 3096K, committed 3120K, reserved 1048576K
Event: 1.496 GC heap after
Heap after GC invocations=4 (full 1):
 PSYoungGen      total 36864K, used 0K [0x00000000d6f00000, 0x00000000db700000, 0x0000000100000000)
  eden space 31744K, 0% used [0x00000000d6f00000,0x00000000d6f00000,0x00000000d8e00000)
  from space 5120K, 0% used [0x00000000d8e00000,0x00000000d8e00000,0x00000000d9300000)
  to   space 5120K, 0% used [0x00000000db200000,0x00000000db200000,0x00000000db700000)
 ParOldGen       total 60928K, used 7609K [0x0000000084c00000, 0x0000000088780000, 0x00000000d6f00000)
  object space 60928K, 12% used [0x0000000084c00000,0x000000008536e590,0x0000000088780000)
 Metaspace       used 21010K, capacity 21184K, committed 21296K, reserved 1067008K
  class space    used 3012K, capacity 3096K, committed 3120K, reserved 1048576K
}

