# JRE version: OpenJDK Runtime Environment (8.0_91-b14) (build 1.8.0_91-8u91-b14-0ubuntu4~16.04.1-b14)
# Java VM: OpenJDK 64-Bit Server VM (25.91-b14 mixed mode linux-amd64 compressed oops)
Heap:
 PSYoungGen      total 36864K, used 4405K [0x00000000d6f00000, 0x00000000db700000, 0x0000000100000000)
  eden space 31744K, 13% used [0x00000000d6f00000,0x00000000d734d798,0x00000000d8e00000)
  from space 5120K, 0% used [0x00000000d8e00000,0x00000000d8e00000,0x00000000d9300000)
  to   space 5120K, 0% used [0x00000000db200000,0x00000000db200000,0x00000000db700000)
 ParOldGen       total 53248K, used 7632K [0x0000000084c00000, 0x0000000088000000, 0x00000000d6f00000)
  object space 53248K, 14% used [0x0000000084c00000,0x00000000853741e8,0x0000000088000000)
 Metaspace       used 21701K, capacity 21888K, committed 22272K, reserved 1069056K
  class space    used 3136K, capacity 3224K, committed 3328K, reserved 1048576K
GC Heap History (8 events):
Event: 0.669 GC heap before
{Heap before GC invocations=1 (full 0):
 PSYoungGen      total 36864K, used 31744K [0x00000000d6f00000, 0x00000000d9800000, 0x0000000100000000)
  eden space 31744K, 100% used [0x00000000d6f00000,0x00000000d8e00000,0x00000000d8e00000)
  from space 5120K, 0% used [0x00000000d9300000,0x00000000d9300000,0x00000000d9800000)
  to   space 5120K, 0% used [0x00000000d8e00000,0x00000000d8e00000,0x00000000d9300000)
 ParOldGen       total 84992K, used 0K [0x0000000084c00000, 0x0000000089f00000, 0x00000000d6f00000)
  object space 84992K, 0% used [0x0000000084c00000,0x0000000084c00000,0x0000000089f00000)
 Metaspace       used 8989K, capacity 9248K, committed 9600K, reserved 1056768K
  class space    used 1274K, capacity 1296K, committed 1408K, reserved 1048576K
Event: 0.675 GC heap after
Heap after GC invocations=1 (full 0):
 PSYoungGen      total 36864K, used 5092K [0x00000000d6f00000, 0x00000000d9800000, 0x0000000100000000)
  eden space 31744K, 0% used [0x00000000d6f00000,0x00000000d6f00000,0x00000000d8e00000)
  from space 5120K, 99% used [0x00000000d8e00000,0x00000000d92f93e8,0x00000000d9300000)
  to   space 5120K, 0% used [0x00000000d9300000,0x00000000d9300000,0x00000000d9800000)
 ParOldGen       total 84992K, used 1031K [0x0000000084c00000, 0x0000000089f00000, 0x00000000d6f00000)
  object space 84992K, 1% used [0x0000000084c00000,0x0000000084d01f48,0x0000000089f00000)
 Metaspace       used 8989K, capacity 9248K, committed 9600K, reserved 1056768K
  class space    used 1274K, capacity 1296K, committed 1408K, reserved 1048576K
}
Event: 1.017 GC heap before
{Heap before GC invocations=2 (full 0):
 PSYoungGen      total 36864K, used 36836K [0x00000000d6f00000, 0x00000000d9800000, 0x0000000100000000)
  eden space 31744K, 100% used [0x00000000d6f00000,0x00000000d8e00000,0x00000000d8e00000)
  from space 5120K, 99% used [0x00000000d8e00000,0x00000000d92f93e8,0x00000000d9300000)
  to   space 5120K, 0% used [0x00000000d9300000,0x00000000d9300000,0x00000000d9800000)
 ParOldGen       total 84992K, used 1031K [0x0000000084c00000, 0x0000000089f00000, 0x00000000d6f00000)
  object space 84992K, 1% used [0x0000000084c00000,0x0000000084d01f48,0x0000000089f00000)
 Metaspace       used 14197K, capacity 14224K, committed 14464K, reserved 1060864K
  class space    used 2083K, capacity 2096K, committed 2176K, reserved 1048576K
Event: 1.025 GC heap after
Heap after GC invocations=2 (full 0):
 PSYoungGen      total 36864K, used 5097K [0x00000000d6f00000, 0x00000000db700000, 0x0000000100000000)
  eden space 31744K, 0% used [0x00000000d6f00000,0x00000000d6f00000,0x00000000d8e00000)
  from space 5120K, 99% used [0x00000000d9300000,0x00000000d97fa7a8,0x00000000d9800000)
  to   space 5120K, 0% used [0x00000000d8e00000,0x00000000d8e00000,0x00000000d9300000)
 ParOldGen       total 84992K, used 3266K [0x0000000084c00000, 0x0000000089f00000, 0x00000000d6f00000)
  object space 84992K, 3% used [0x0000000084c00000,0x0000000084f30ac0,0x0000000089f00000)
 Metaspace       used 14197K, capacity 14224K, committed 14464K, reserved 1060864K
  class space    used 2083K, capacity 2096K, committed 2176K, reserved 1048576K
}
Event: 6.252 GC heap before
{Heap before GC invocations=3 (full 0):
 PSYoungGen      total 36864K, used 32412K [0x00000000d6f00000, 0x00000000db700000, 0x0000000100000000)
  eden space 31744K, 86% used [0x00000000d6f00000,0x00000000d89ac9a8,0x00000000d8e00000)
  from space 5120K, 99% used [0x00000000d9300000,0x00000000d97fa7a8,0x00000000d9800000)
  to   space 5120K, 0% used [0x00000000d8e00000,0x00000000d8e00000,0x00000000d9300000)
 ParOldGen       total 84992K, used 3266K [0x0000000084c00000, 0x0000000089f00000, 0x00000000d6f00000)
  object space 84992K, 3% used [0x0000000084c00000,0x0000000084f30ac0,0x0000000089f00000)
 Metaspace       used 21008K, capacity 21152K, committed 21296K, reserved 1067008K
  class space    used 3061K, capacity 3128K, committed 3200K, reserved 1048576K
Event: 6.259 GC heap after
Heap after GC invocations=3 (full 0):
 PSYoungGen      total 36864K, used 5105K [0x00000000d6f00000, 0x00000000db700000, 0x0000000100000000)
  eden space 31744K, 0% used [0x00000000d6f00000,0x00000000d6f00000,0x00000000d8e00000)
  from space 5120K, 99% used [0x00000000d8e00000,0x00000000d92fc618,0x00000000d9300000)
  to   space 5120K, 0% used [0x00000000db200000,0x00000000db200000,0x00000000db700000)
 ParOldGen       total 84992K, used 6041K [0x0000000084c00000, 0x0000000089f00000, 0x00000000d6f00000)
  object space 84992K, 7% used [0x0000000084c00000,0x00000000851e6538,0x0000000089f00000)
 Metaspace       used 21008K, capacity 21152K, committed 21296K, reserved 1067008K
  class space    used 3061K, capacity 3128K, committed 3200K, reserved 1048576K
}
Event: 6.259 GC heap before
{Heap before GC invocations=4 (full 1):
 PSYoungGen      total 36864K, used 5105K [0x00000000d6f00000, 0x00000000db700000, 0x0000000100000000)
  eden space 31744K, 0% used [0x00000000d6f00000,0x00000000d6f00000,0x00000000d8e00000)
  from space 5120K, 99% used [0x00000000d8e00000,0x00000000d92fc618,0x00000000d9300000)
  to   space 5120K, 0% used [0x00000000db200000,0x00000000db200000,0x00000000db700000)
 ParOldGen       total 84992K, used 6041K [0x0000000084c00000, 0x0000000089f00000, 0x00000000d6f00000)
  object space 84992K, 7% used [0x0000000084c00000,0x00000000851e6538,0x0000000089f00000)
 Metaspace       used 21008K, capacity 21152K, committed 21296K, reserved 1067008K
  class space    used 3061K, capacity 3128K, committed 3200K, reserved 1048576K
Event: 6.292 GC heap after
Heap after GC invocations=4 (full 1):
 PSYoungGen      total 36864K, used 0K [0x00000000d6f00000, 0x00000000db700000, 0x0000000100000000)
  eden space 31744K, 0% used [0x00000000d6f00000,0x00000000d6f00000,0x00000000d8e00000)
  from space 5120K, 0% used [0x00000000d8e00000,0x00000000d8e00000,0x00000000d9300000)
  to   space 5120K, 0% used [0x00000000db200000,0x00000000db200000,0x00000000db700000)
 ParOldGen       total 53248K, used 7632K [0x0000000084c00000, 0x0000000088000000, 0x00000000d6f00000)
  object space 53248K, 14% used [0x0000000084c00000,0x00000000853741e8,0x0000000088000000)
 Metaspace       used 21008K, capacity 21152K, committed 21296K, reserved 1067008K
  class space    used 3061K, capacity 3128K, committed 3200K, reserved 1048576K
}

